<?xml version="1.0" encoding="UTF-8"?>
<!-- Generated by org.testng.reporters.JUnitReportReporter -->
<testsuite skipped="0" hostname="Khosruzs-MBP" name="com.Pages.RoughPage" tests="1" failures="0" timestamp="2019-11-29T22:54:51 EST" time="3.526" errors="0">
  <testcase name="searchHomePage" time="3.526" classname="com.Pages.RoughPage"/>
</testsuite> <!-- com.Pages.RoughPage -->
